Using pre-set license
Built from '2020.3/staging' branch; Version is '2020.3.5f1 (8095aa901b9b) revision 8426922'; Using compiler version '192528614'; Build Type 'Release'
OS: 'Windows 10 Home; OS build 19042.928; Version 2009; 64bit' Language: 'en' Physical Memory: 15789 MB
BatchMode: 1, IsHumanControllingUs: 0, StartBugReporterOnCrash: 0, Is64bit: 1, IsPro: 0

 COMMAND LINE ARGUMENTS:
C:\Program Files\Unity Editors\2020.3.5f1\Editor\Unity.exe
-adb2
-batchMode
-noUpm
-name
AssetImportWorker0
-projectPath
C:/Unity Projects/2D Platformer
-logFile
Logs/AssetImportWorker0.log
-srvPort
63536
Successfully changed project path to: C:/Unity Projects/2D Platformer
C:/Unity Projects/2D Platformer
Using Asset Import Pipeline V2.
Refreshing native plugins compatible for Editor in 48.55 ms, found 3 plugins.
Preloading 0 native plugins for Editor in 0.00 ms.
Initialize engine version: 2020.3.5f1 (8095aa901b9b)
[Subsystems] Discovering subsystems at path C:/Program Files/Unity Editors/2020.3.5f1/Editor/Data/Resources/UnitySubsystems
[Subsystems] Discovering subsystems at path C:/Unity Projects/2D Platformer/Assets
GfxDevice: creating device client; threaded=0
Direct3D:
    Version:  Direct3D 11.0 [level 11.1]
    Renderer: NVIDIA GeForce GTX 1660 Ti (ID=0x2191)
    Vendor:   
    VRAM:     5991 MB
    Driver:   27.21.14.5763
Initialize mono
Mono path[0] = 'C:/Program Files/Unity Editors/2020.3.5f1/Editor/Data/Managed'
Mono path[1] = 'C:/Program Files/Unity Editors/2020.3.5f1/Editor/Data/MonoBleedingEdge/lib/mono/unityjit'
Mono config path = 'C:/Program Files/Unity Editors/2020.3.5f1/Editor/Data/MonoBleedingEdge/etc'
Using monoOptions --debugger-agent=transport=dt_socket,embedding=1,server=y,suspend=n,address=127.0.0.1:56164
Begin MonoManager ReloadAssembly
Registering precompiled unity dll's ...
Register platform support module: C:/Program Files/Unity Editors/2020.3.5f1/Editor/Data/PlaybackEngines/WindowsStandaloneSupport/UnityEditor.WindowsStandalone.Extensions.dll
Registered in 0.002085 seconds.
Native extension for WindowsStandalone target not found
Refreshing native plugins compatible for Editor in 41.13 ms, found 3 plugins.
Preloading 0 native plugins for Editor in 0.00 ms.
Mono: successfully reloaded assembly
- Completed reload, in  2.273 seconds
Platform modules already initialized, skipping
Registering precompiled user dll's ...
Registered in 0.007826 seconds.
Begin MonoManager ReloadAssembly
Native extension for WindowsStandalone target not found
Refreshing native plugins compatible for Editor in 39.45 ms, found 3 plugins.
Preloading 0 native plugins for Editor in 0.00 ms.
Mono: successfully reloaded assembly
- Completed reload, in  1.040 seconds
Platform modules already initialized, skipping
========================================================================
Worker process is ready to serve import requests
Launched and connected shader compiler UnityShaderCompiler.exe after 0.04 seconds
Refreshing native plugins compatible for Editor in 0.49 ms, found 3 plugins.
Preloading 0 native plugins for Editor in 0.00 ms.
Unloading 1985 Unused Serialized files (Serialized files now loaded: 0)
System memory in use before: 91.4 MB.
System memory in use after: 91.4 MB.

Unloading 42 unused Assets to reduce memory usage. Loaded Objects now: 2454.
Total: 3.144400 ms (FindLiveObjects: 0.372300 ms CreateObjectMapping: 0.154400 ms MarkObjects: 2.483400 ms  DeleteObjects: 0.132800 ms)

========================================================================
Received Import Request.
  path: Assets/Game/Scripts/Coin.cs
  artifactKey: Guid(404eca89c2b731f42bf78479f4967b97) Importer(815301076,1909f56bfc062723c751e8b465ee728b)
Start importing Assets/Game/Scripts/Coin.cs using Guid(404eca89c2b731f42bf78479f4967b97) Importer(815301076,1909f56bfc062723c751e8b465ee728b)  -> (artifact id: '13dce23f80a5f57f2eb45fd3cb197956') in 0.029701 seconds
  Import took 0.033337 seconds .

========================================================================
Received Prepare
Registering precompiled user dll's ...
Registered in 0.007989 seconds.
Begin MonoManager ReloadAssembly
Native extension for WindowsStandalone target not found
Refreshing native plugins compatible for Editor in 0.51 ms, found 3 plugins.
Preloading 0 native plugins for Editor in 0.00 ms.
Mono: successfully reloaded assembly
- Completed reload, in  0.900 seconds
Platform modules already initialized, skipping
Refreshing native plugins compatible for Editor in 0.53 ms, found 3 plugins.
Preloading 0 native plugins for Editor in 0.00 ms.
Unloading 1978 Unused Serialized files (Serialized files now loaded: 0)
System memory in use before: 91.2 MB.
System memory in use after: 91.2 MB.

Unloading 30 unused Assets to reduce memory usage. Loaded Objects now: 2458.
Total: 2.816000 ms (FindLiveObjects: 0.384000 ms CreateObjectMapping: 0.133200 ms MarkObjects: 2.191300 ms  DeleteObjects: 0.104700 ms)

========================================================================
Received Prepare
Registering precompiled user dll's ...
Registered in 0.013281 seconds.
Begin MonoManager ReloadAssembly
Native extension for WindowsStandalone target not found
Refreshing native plugins compatible for Editor in 0.69 ms, found 3 plugins.
Preloading 0 native plugins for Editor in 0.00 ms.
Mono: successfully reloaded assembly
- Completed reload, in  1.459 seconds
Platform modules already initialized, skipping
Refreshing native plugins compatible for Editor in 0.74 ms, found 3 plugins.
Preloading 0 native plugins for Editor in 0.00 ms.
Unloading 1978 Unused Serialized files (Serialized files now loaded: 0)
System memory in use before: 91.3 MB.
System memory in use after: 91.3 MB.

Unloading 30 unused Assets to reduce memory usage. Loaded Objects now: 2462.
Total: 3.060900 ms (FindLiveObjects: 0.363300 ms CreateObjectMapping: 0.145400 ms MarkObjects: 2.399500 ms  DeleteObjects: 0.150200 ms)

========================================================================
Received Import Request.
  Time since last request: 191.436426 seconds.
  path: Assets/Game/Scripts/Coin.cs
  artifactKey: Guid(404eca89c2b731f42bf78479f4967b97) Importer(815301076,1909f56bfc062723c751e8b465ee728b)
Start importing Assets/Game/Scripts/Coin.cs using Guid(404eca89c2b731f42bf78479f4967b97) Importer(815301076,1909f56bfc062723c751e8b465ee728b)  -> (artifact id: '908288d9a904c2b762cf2826c702debe') in 0.011560 seconds
  Import took 0.016998 seconds .

========================================================================
Received Import Request.
  Time since last request: 49.123362 seconds.
  path: Assets/Game/Prefabs/Breakable Box.prefab
  artifactKey: Guid(815a056f3ecf4b24b981cebc1881bdc5) Importer(815301076,1909f56bfc062723c751e8b465ee728b)
Start importing Assets/Game/Prefabs/Breakable Box.prefab using Guid(815a056f3ecf4b24b981cebc1881bdc5) Importer(815301076,1909f56bfc062723c751e8b465ee728b)  -> (artifact id: '9ec372a0f81202d726d3efc335c3f87a') in 0.133934 seconds
  Import took 0.139156 seconds .

========================================================================
Received Import Request.
  Time since last request: 2.114987 seconds.
  path: Assets/Game/Prefabs/Breakable Box.prefab
  artifactKey: Guid(815a056f3ecf4b24b981cebc1881bdc5) Importer(815301076,1909f56bfc062723c751e8b465ee728b)
Start importing Assets/Game/Prefabs/Breakable Box.prefab using Guid(815a056f3ecf4b24b981cebc1881bdc5) Importer(815301076,1909f56bfc062723c751e8b465ee728b)  -> (artifact id: '985a091b6d27835a5b300e1975014d6e') in 0.021319 seconds
  Import took 0.026623 seconds .

========================================================================
Received Prepare
Registering precompiled user dll's ...
Registered in 0.011947 seconds.
Begin MonoManager ReloadAssembly
Native extension for WindowsStandalone target not found
Refreshing native plugins compatible for Editor in 0.70 ms, found 3 plugins.
Preloading 0 native plugins for Editor in 0.00 ms.
Mono: successfully reloaded assembly
- Completed reload, in  1.413 seconds
Platform modules already initialized, skipping
Refreshing native plugins compatible for Editor in 0.74 ms, found 3 plugins.
Preloading 0 native plugins for Editor in 0.00 ms.
Unloading 1978 Unused Serialized files (Serialized files now loaded: 0)
System memory in use before: 94.3 MB.
System memory in use after: 94.3 MB.

Unloading 30 unused Assets to reduce memory usage. Loaded Objects now: 2473.
Total: 4.074800 ms (FindLiveObjects: 0.390300 ms CreateObjectMapping: 0.138100 ms MarkObjects: 3.404200 ms  DeleteObjects: 0.139200 ms)

========================================================================
Received Import Request.
  Time since last request: 550.840150 seconds.
  path: Assets/Game/Scripts/UiCoinsCollected.cs
  artifactKey: Guid(b67ae973e27ec6e45ba94b6927498c8d) Importer(815301076,1909f56bfc062723c751e8b465ee728b)
Start importing Assets/Game/Scripts/UiCoinsCollected.cs using Guid(b67ae973e27ec6e45ba94b6927498c8d) Importer(815301076,1909f56bfc062723c751e8b465ee728b)  -> (artifact id: 'e1c069c90e5a11b29c89ec1645e53606') in 0.019000 seconds
  Import took 0.023987 seconds .

========================================================================
Received Prepare
Registering precompiled user dll's ...
Registered in 0.011970 seconds.
Begin MonoManager ReloadAssembly
Native extension for WindowsStandalone target not found
Refreshing native plugins compatible for Editor in 0.83 ms, found 3 plugins.
Preloading 0 native plugins for Editor in 0.00 ms.
Mono: successfully reloaded assembly
- Completed reload, in  1.427 seconds
Platform modules already initialized, skipping
Refreshing native plugins compatible for Editor in 0.72 ms, found 3 plugins.
Preloading 0 native plugins for Editor in 0.00 ms.
Unloading 1979 Unused Serialized files (Serialized files now loaded: 0)
System memory in use before: 94.3 MB.
System memory in use after: 94.3 MB.

Unloading 30 unused Assets to reduce memory usage. Loaded Objects now: 2478.
Total: 3.535300 ms (FindLiveObjects: 0.544100 ms CreateObjectMapping: 0.071300 ms MarkObjects: 2.799000 ms  DeleteObjects: 0.119100 ms)

========================================================================
Received Import Request.
  Time since last request: 41.429875 seconds.
  path: Assets/Game/Scripts/UICoinsCollected.cs
  artifactKey: Guid(b67ae973e27ec6e45ba94b6927498c8d) Importer(815301076,1909f56bfc062723c751e8b465ee728b)
Start importing Assets/Game/Scripts/UICoinsCollected.cs using Guid(b67ae973e27ec6e45ba94b6927498c8d) Importer(815301076,1909f56bfc062723c751e8b465ee728b)  -> (artifact id: 'f5cfe95dfda11bd3c922615c4d170564') in 0.014595 seconds
  Import took 0.019515 seconds .

========================================================================
Received Prepare
Registering precompiled user dll's ...
Registered in 0.011685 seconds.
Begin MonoManager ReloadAssembly
Native extension for WindowsStandalone target not found
Refreshing native plugins compatible for Editor in 0.70 ms, found 3 plugins.
Preloading 0 native plugins for Editor in 0.00 ms.
Mono: successfully reloaded assembly
- Completed reload, in  1.392 seconds
Platform modules already initialized, skipping
Refreshing native plugins compatible for Editor in 0.68 ms, found 3 plugins.
Preloading 0 native plugins for Editor in 0.00 ms.
Unloading 1979 Unused Serialized files (Serialized files now loaded: 0)
System memory in use before: 94.3 MB.
System memory in use after: 94.3 MB.

Unloading 30 unused Assets to reduce memory usage. Loaded Objects now: 2482.
Total: 3.959500 ms (FindLiveObjects: 0.350600 ms CreateObjectMapping: 0.131800 ms MarkObjects: 3.329000 ms  DeleteObjects: 0.145300 ms)

========================================================================
Received Prepare
Registering precompiled user dll's ...
Registered in 0.012519 seconds.
Begin MonoManager ReloadAssembly
Native extension for WindowsStandalone target not found
Refreshing native plugins compatible for Editor in 0.71 ms, found 3 plugins.
Preloading 0 native plugins for Editor in 0.00 ms.
Mono: successfully reloaded assembly
- Completed reload, in  1.412 seconds
Platform modules already initialized, skipping
Refreshing native plugins compatible for Editor in 0.75 ms, found 3 plugins.
Preloading 0 native plugins for Editor in 0.00 ms.
Unloading 1979 Unused Serialized files (Serialized files now loaded: 0)
System memory in use before: 94.4 MB.
System memory in use after: 94.3 MB.

Unloading 30 unused Assets to reduce memory usage. Loaded Objects now: 2486.
Total: 4.178100 ms (FindLiveObjects: 0.508800 ms CreateObjectMapping: 0.146700 ms MarkObjects: 3.368000 ms  DeleteObjects: 0.150700 ms)

========================================================================
Received Import Request.
  Time since last request: 30.140684 seconds.
  path: Assets/Game/Scripts/UICoinsCollected.cs
  artifactKey: Guid(b67ae973e27ec6e45ba94b6927498c8d) Importer(815301076,1909f56bfc062723c751e8b465ee728b)
Start importing Assets/Game/Scripts/UICoinsCollected.cs using Guid(b67ae973e27ec6e45ba94b6927498c8d) Importer(815301076,1909f56bfc062723c751e8b465ee728b)  -> (artifact id: 'fac263f32296081bca3f3ab1d09728de') in 0.009554 seconds
  Import took 0.015897 seconds .

========================================================================
Received Import Request.
  Time since last request: 9.732467 seconds.
  path: Assets/Game/Scripts/SpringBoard.cs
  artifactKey: Guid(51d62fde0a748614aaefcd32d2130928) Importer(815301076,1909f56bfc062723c751e8b465ee728b)
Start importing Assets/Game/Scripts/SpringBoard.cs using Guid(51d62fde0a748614aaefcd32d2130928) Importer(815301076,1909f56bfc062723c751e8b465ee728b)  -> (artifact id: '739544ba6c887a6843e59c76bfbc943c') in 0.010084 seconds
  Import took 0.014540 seconds .

========================================================================
Received Import Request.
  Time since last request: 0.044601 seconds.
  path: Assets/Game/Scripts/SpringBoard.cs
  artifactKey: Guid(51d62fde0a748614aaefcd32d2130928) Importer(815301076,1909f56bfc062723c751e8b465ee728b)
Start importing Assets/Game/Scripts/SpringBoard.cs using Guid(51d62fde0a748614aaefcd32d2130928) Importer(815301076,1909f56bfc062723c751e8b465ee728b)  -> (artifact id: '739544ba6c887a6843e59c76bfbc943c') in 0.005514 seconds
  Import took 0.010564 seconds .

========================================================================
Received Prepare
Registering precompiled user dll's ...
Registered in 0.012632 seconds.
Begin MonoManager ReloadAssembly
Native extension for WindowsStandalone target not found
Refreshing native plugins compatible for Editor in 0.72 ms, found 3 plugins.
Preloading 0 native plugins for Editor in 0.00 ms.
Mono: successfully reloaded assembly
- Completed reload, in  1.158 seconds
Platform modules already initialized, skipping
Refreshing native plugins compatible for Editor in 0.83 ms, found 3 plugins.
Preloading 0 native plugins for Editor in 0.00 ms.
Unloading 1978 Unused Serialized files (Serialized files now loaded: 0)
System memory in use before: 94.3 MB.
System memory in use after: 94.3 MB.

Unloading 31 unused Assets to reduce memory usage. Loaded Objects now: 2489.
Total: 5.216900 ms (FindLiveObjects: 0.847800 ms CreateObjectMapping: 0.272200 ms MarkObjects: 3.821700 ms  DeleteObjects: 0.272600 ms)

========================================================================
Received Import Request.
  Time since last request: 14.166489 seconds.
  path: Assets/Game/Scripts/UICoinsCollected.cs
  artifactKey: Guid(b67ae973e27ec6e45ba94b6927498c8d) Importer(815301076,1909f56bfc062723c751e8b465ee728b)
Start importing Assets/Game/Scripts/UICoinsCollected.cs using Guid(b67ae973e27ec6e45ba94b6927498c8d) Importer(815301076,1909f56bfc062723c751e8b465ee728b)  -> (artifact id: '3a72f8df1fceafba01f2ef1dd3a42418') in 0.011291 seconds
  Import took 0.016869 seconds .

========================================================================
Received Prepare
Registering precompiled user dll's ...
Registered in 0.012339 seconds.
Begin MonoManager ReloadAssembly
Native extension for WindowsStandalone target not found
Refreshing native plugins compatible for Editor in 0.57 ms, found 3 plugins.
Preloading 0 native plugins for Editor in 0.00 ms.
Mono: successfully reloaded assembly
- Completed reload, in  1.061 seconds
Platform modules already initialized, skipping
Refreshing native plugins compatible for Editor in 0.61 ms, found 3 plugins.
Preloading 0 native plugins for Editor in 0.00 ms.
Unloading 1979 Unused Serialized files (Serialized files now loaded: 0)
System memory in use before: 94.4 MB.
System memory in use after: 94.4 MB.

Unloading 30 unused Assets to reduce memory usage. Loaded Objects now: 2494.
Total: 3.149300 ms (FindLiveObjects: 0.285500 ms CreateObjectMapping: 0.047900 ms MarkObjects: 2.627100 ms  DeleteObjects: 0.186800 ms)

========================================================================
Received Prepare
Registering precompiled user dll's ...
Registered in 0.011429 seconds.
Begin MonoManager ReloadAssembly
Native extension for WindowsStandalone target not found
Refreshing native plugins compatible for Editor in 0.69 ms, found 3 plugins.
Preloading 0 native plugins for Editor in 0.00 ms.
Mono: successfully reloaded assembly
- Completed reload, in  1.424 seconds
Platform modules already initialized, skipping
Refreshing native plugins compatible for Editor in 0.83 ms, found 3 plugins.
Preloading 0 native plugins for Editor in 0.00 ms.
Unloading 1979 Unused Serialized files (Serialized files now loaded: 0)
System memory in use before: 94.4 MB.
System memory in use after: 94.4 MB.

Unloading 30 unused Assets to reduce memory usage. Loaded Objects now: 2498.
Total: 4.492900 ms (FindLiveObjects: 0.667600 ms CreateObjectMapping: 0.181000 ms MarkObjects: 3.480300 ms  DeleteObjects: 0.162000 ms)

========================================================================
Received Import Request.
  Time since last request: 334.878391 seconds.
  path: Assets/Game/Scripts/UICoinsCollected.cs
  artifactKey: Guid(b67ae973e27ec6e45ba94b6927498c8d) Importer(815301076,1909f56bfc062723c751e8b465ee728b)
Start importing Assets/Game/Scripts/UICoinsCollected.cs using Guid(b67ae973e27ec6e45ba94b6927498c8d) Importer(815301076,1909f56bfc062723c751e8b465ee728b)  -> (artifact id: '62399d478710ae4d05a9e59274193a74') in 0.011147 seconds
  Import took 0.017685 seconds .

